# JRE version: OpenJDK Runtime Environment (11.0.8+10) (build 11.0.8+10-b944.6842174)
# Java VM: OpenJDK 64-Bit Server VM (11.0.8+10-b944.6842174, mixed mode, tiered, compressed oops, g1 gc, windows-amd64)
Heap:
 garbage-first heap   total 138240K, used 76370K [0x00000000a0000000, 0x0000000100000000)
  region size 1024K, 8 young (8192K), 3 survivors (3072K)
 Metaspace       used 70320K, capacity 72293K, committed 72496K, reserved 1112064K
  class space    used 9112K, capacity 9810K, committed 9856K, reserved 1048576K
GC Heap History (20 events):
Event: 19.599 GC heap before
{Heap before GC invocations=38 (full 0):
 garbage-first heap   total 95232K, used 54627K [0x00000000a0000000, 0x0000000100000000)
  region size 1024K, 4 young (4096K), 2 survivors (2048K)
 Metaspace       used 60619K, capacity 62013K, committed 62128K, reserved 1103872K
  class space    used 7575K, capacity 8093K, committed 8192K, reserved 1048576K
}
Event: 19.604 GC heap after
{Heap after GC invocations=39 (full 0):
 garbage-first heap   total 95232K, used 52870K [0x00000000a0000000, 0x0000000100000000)
  region size 1024K, 1 young (1024K), 1 survivors (1024K)
 Metaspace       used 60619K, capacity 62013K, committed 62128K, reserved 1103872K
  class space    used 7575K, capacity 8093K, committed 8192K, reserved 1048576K
}
Event: 20.245 GC heap before
{Heap before GC invocations=39 (full 0):
 garbage-first heap   total 95232K, used 69254K [0x00000000a0000000, 0x0000000100000000)
  region size 1024K, 17 young (17408K), 1 survivors (1024K)
 Metaspace       used 61145K, capacity 62488K, committed 62640K, reserved 1103872K
  class space    used 7625K, capacity 8140K, committed 8192K, reserved 1048576K
}
Event: 20.251 GC heap after
{Heap after GC invocations=40 (full 0):
 garbage-first heap   total 95232K, used 53922K [0x00000000a0000000, 0x0000000100000000)
  region size 1024K, 2 young (2048K), 2 survivors (2048K)
 Metaspace       used 61145K, capacity 62488K, committed 62640K, reserved 1103872K
  class space    used 7625K, capacity 8140K, committed 8192K, reserved 1048576K
}
Event: 20.797 GC heap before
{Heap before GC invocations=41 (full 0):
 garbage-first heap   total 95232K, used 70306K [0x00000000a0000000, 0x0000000100000000)
  region size 1024K, 19 young (19456K), 2 survivors (2048K)
 Metaspace       used 61655K, capacity 63232K, committed 63280K, reserved 1103872K
  class space    used 7705K, capacity 8281K, committed 8320K, reserved 1048576K
}
Event: 20.805 GC heap after
{Heap after GC invocations=42 (full 0):
 garbage-first heap   total 95232K, used 57511K [0x00000000a0000000, 0x0000000100000000)
  region size 1024K, 3 young (3072K), 3 survivors (3072K)
 Metaspace       used 61655K, capacity 63232K, committed 63280K, reserved 1103872K
  class space    used 7705K, capacity 8281K, committed 8320K, reserved 1048576K
}
Event: 21.232 GC heap before
{Heap before GC invocations=42 (full 0):
 garbage-first heap   total 95232K, used 72871K [0x00000000a0000000, 0x0000000100000000)
  region size 1024K, 18 young (18432K), 3 survivors (3072K)
 Metaspace       used 62048K, capacity 63625K, committed 63920K, reserved 1105920K
  class space    used 7771K, capacity 8344K, committed 8448K, reserved 1048576K
}
Event: 21.243 GC heap after
{Heap after GC invocations=43 (full 0):
 garbage-first heap   total 114688K, used 58833K [0x00000000a0000000, 0x0000000100000000)
  region size 1024K, 2 young (2048K), 2 survivors (2048K)
 Metaspace       used 62048K, capacity 63625K, committed 63920K, reserved 1105920K
  class space    used 7771K, capacity 8344K, committed 8448K, reserved 1048576K
}
Event: 21.804 GC heap before
{Heap before GC invocations=44 (full 0):
 garbage-first heap   total 114688K, used 80337K [0x00000000a0000000, 0x0000000100000000)
  region size 1024K, 23 young (23552K), 2 survivors (2048K)
 Metaspace       used 62373K, capacity 64054K, committed 64176K, reserved 1105920K
  class space    used 7814K, capacity 8403K, committed 8448K, reserved 1048576K
}
Event: 21.810 GC heap after
{Heap after GC invocations=45 (full 0):
 garbage-first heap   total 114688K, used 61038K [0x00000000a0000000, 0x0000000100000000)
  region size 1024K, 3 young (3072K), 3 survivors (3072K)
 Metaspace       used 62373K, capacity 64054K, committed 64176K, reserved 1105920K
  class space    used 7814K, capacity 8403K, committed 8448K, reserved 1048576K
}
Event: 22.435 GC heap before
{Heap before GC invocations=45 (full 0):
 garbage-first heap   total 114688K, used 83566K [0x00000000a0000000, 0x0000000100000000)
  region size 1024K, 25 young (25600K), 3 survivors (3072K)
 Metaspace       used 63926K, capacity 65582K, committed 65712K, reserved 1105920K
  class space    used 8019K, capacity 8612K, committed 8704K, reserved 1048576K
}
Event: 22.444 GC heap after
{Heap after GC invocations=46 (full 0):
 garbage-first heap   total 114688K, used 63179K [0x00000000a0000000, 0x0000000100000000)
  region size 1024K, 4 young (4096K), 4 survivors (4096K)
 Metaspace       used 63926K, capacity 65582K, committed 65712K, reserved 1105920K
  class space    used 8019K, capacity 8612K, committed 8704K, reserved 1048576K
}
Event: 23.322 GC heap before
{Heap before GC invocations=47 (full 0):
 garbage-first heap   total 114688K, used 85707K [0x00000000a0000000, 0x0000000100000000)
  region size 1024K, 26 young (26624K), 4 survivors (4096K)
 Metaspace       used 66813K, capacity 68506K, committed 68784K, reserved 1110016K
  class space    used 8545K, capacity 9165K, committed 9216K, reserved 1048576K
}
Event: 23.332 GC heap after
{Heap after GC invocations=48 (full 0):
 garbage-first heap   total 114688K, used 64672K [0x00000000a0000000, 0x0000000100000000)
  region size 1024K, 4 young (4096K), 4 survivors (4096K)
 Metaspace       used 66813K, capacity 68506K, committed 68784K, reserved 1110016K
  class space    used 8545K, capacity 9165K, committed 9216K, reserved 1048576K
}
Event: 23.947 GC heap before
{Heap before GC invocations=48 (full 0):
 garbage-first heap   total 114688K, used 87200K [0x00000000a0000000, 0x0000000100000000)
  region size 1024K, 26 young (26624K), 4 survivors (4096K)
 Metaspace       used 68180K, capacity 69867K, committed 70064K, reserved 1110016K
  class space    used 8737K, capacity 9378K, committed 9472K, reserved 1048576K
}
Event: 23.962 GC heap after
{Heap after GC invocations=49 (full 0):
 garbage-first heap   total 138240K, used 66358K [0x00000000a0000000, 0x0000000100000000)
  region size 1024K, 3 young (3072K), 3 survivors (3072K)
 Metaspace       used 68180K, capacity 69867K, committed 70064K, reserved 1110016K
  class space    used 8737K, capacity 9378K, committed 9472K, reserved 1048576K
}
Event: 24.607 GC heap before
{Heap before GC invocations=50 (full 0):
 garbage-first heap   total 138240K, used 97078K [0x00000000a0000000, 0x0000000100000000)
  region size 1024K, 33 young (33792K), 3 survivors (3072K)
 Metaspace       used 69108K, capacity 70876K, committed 70960K, reserved 1110016K
  class space    used 8918K, capacity 9567K, committed 9600K, reserved 1048576K
}
Event: 24.619 GC heap after
{Heap after GC invocations=51 (full 0):
 garbage-first heap   total 138240K, used 69509K [0x00000000a0000000, 0x0000000100000000)
  region size 1024K, 5 young (5120K), 5 survivors (5120K)
 Metaspace       used 69108K, capacity 70876K, committed 70960K, reserved 1110016K
  class space    used 8918K, capacity 9567K, committed 9600K, reserved 1048576K
}
Event: 26.005 GC heap before
{Heap before GC invocations=51 (full 0):
 garbage-first heap   total 138240K, used 100229K [0x00000000a0000000, 0x0000000100000000)
  region size 1024K, 35 young (35840K), 5 survivors (5120K)
 Metaspace       used 70155K, capacity 72054K, committed 72240K, reserved 1112064K
  class space    used 9104K, capacity 9801K, committed 9856K, reserved 1048576K
}
Event: 26.017 GC heap after
{Heap after GC invocations=52 (full 0):
 garbage-first heap   total 138240K, used 72274K [0x00000000a0000000, 0x0000000100000000)
  region size 1024K, 3 young (3072K), 3 survivors (3072K)
 Metaspace       used 70155K, capacity 72054K, committed 72240K, reserved 1112064K
  class space    used 9104K, capacity 9801K, committed 9856K, reserved 1048576K
}

